<?xml version="1.0" encoding="UTF-8"?>
<beans xmlns="http://www.springframework.org/schema/beans"
       xmlns:xsi="http://www.w3.org/2001/XMLSchema-instance"
       xsi:schemaLocation="http://www.springframework.org/schema/beans http://www.springframework.org/schema/beans/spring-beans-3.0.xsd">

    <bean id="dataSource" class="org.springframework.jdbc.datasource.SimpleDriverDataSource">
        <property name="driverClass" value="com.mysql.jdbc.Driver"></property>
        <property name="url" value="jdbc:mysql://localhost/springbookTest?serverTimezone=UTC"></property>
        <property name="username" value="youngran"></property>
        <property name="password" value="eodfks09"></property>
    </bean>

<!--    <bean id="jdbcContext" class="springbook.user.dao.JdbcContext">-->
<!--        <property name="dataSource" ref="dataSource"></property>-->
<!--    </bean>-->

    <bean id="transactionManager" class="org.springframework.jdbc.datasource.DataSourceTransactionManager">
        <property name="dataSource" ref="dataSource"></property>
    </bean>

    <bean id="mailSender" class="springbook.user.service.DummyMailSender"></bean>

    <bean id="userDao" class="springbook.user.dao.UserDaoJdbc">
        <property name="dataSource" ref="dataSource"></property>
<!--        <property name="jdbcContext" ref="jdbcContext"></property>-->
    </bean>

    <bean id="userService" class="springbook.user.service.UserService">
        <property name="userDao" ref="userDao"></property>
        <property name="transactionManager" ref="transactionManager"></property>
        <property name="mailSender" ref="mailSender"></property>
    </bean>

    <bean id="userLevelUpgrade" class="springbook.user.service.UserLevelUpgrade">
        <property name="userDao" ref="userDao"></property>
    </bean>

</beans>