<?xml version="1.0" encoding="UTF-8"?>
<beans xmlns="http://www.springframework.org/schema/beans"
       xmlns:xsi="http://www.w3.org/2001/XMLSchema-instance"
       xsi:schemaLocation="http://www.springframework.org/schema/beans http://www.springframework.org/schema/beans/spring-beans-3.0.xsd">

    <bean id="dataSource" class="org.springframework.jdbc.datasource.SimpleDriverDataSource">
        <property name="driverClass" value="com.mysql.jdbc.Driver"></property>
        <property name="url" value="jdbc:mysql://localhost/springbookTest?serverTimezone=UTC"></property>
        <property name="username" value="youngran"></property>
        <property name="password" value="eodfks09"></property>
    </bean>

<!--    <bean id="jdbcContext" class="springbook.user.dao.JdbcContext">-->
<!--        <property name="dataSource" ref="dataSource"></property>-->
<!--    </bean>-->

    <bean id="transactionManager" class="org.springframework.jdbc.datasource.DataSourceTransactionManager">
        <property name="dataSource" ref="dataSource"></property>
    </bean>

    <bean id="mailSender" class="springbook.user.service.DummyMailSender"></bean>

    <bean id="userDao" class="springbook.user.dao.UserDaoJdbc">
        <property name="dataSource" ref="dataSource"></property>
    </bean>

<!--     데코레이터 -->
    <bean id="userService" class="org.springframework.aop.framework.ProxyFactoryBean">
        <property name="target" ref="userServiceImpl"></property>
        <property name="interceptorNames">
            <list>
                <value>transactionAdvisor</value>
            </list>
        </property>
    </bean>

    <!--    타깃-->
    <bean id="userServiceImpl" class="springbook.user.service.UserServiceImpl">
        <property name="userDao" ref="userDao"></property>
        <property name="mailSender" ref="mailSender"></property>
    </bean>

    <bean id="userLevelUpgrade" class="springbook.user.service.UserLevelUpgrade">
        <property name="userDao" ref="userDao"></property>
    </bean>

    <bean id="transactionAdvice" class="springbook.user.service.TransactionAdvice">
        <property name="transactionManager" ref="transactionManager"></property>
    </bean>

    <bean id="transactionPointCut" class="org.springframework.aop.support.NameMatchMethodPointcut">
        <property name="mappedName" value="upgrade*"></property>
    </bean>

    <bean id="transactionAdvisor" class="org.springframework.aop.support.DefaultBeanFactoryPointcutAdvisor">
        <property name="advice" ref="transactionAdvice"></property>
        <property name="pointcut" ref="transactionPointCut"></property>
    </bean>

</beans>